<?xml version="1.0" encoding="UTF-8"?>
<testsuite xmlns:xsi="http://www.w3.org/2001/XMLSchema-instance" xsi:noNamespaceSchemaLocation="https://maven.apache.org/surefire/maven-surefire-plugin/xsd/surefire-test-report.xsd" name="com.mira.bookstore.BookDAOTest" time="1.604" tests="5" errors="0" skipped="0" failures="0">
  <properties>
[...]
</properties>
  <testcase name="updateBookTest" classname="com.mira.bookstore.BookDAOTest" time="1.411"/>
  <testcase name="insertBookTest" classname="com.mira.bookstore.BookDAOTest" time="0.077"/>
  <testcase name="getBook" classname="com.mira.bookstore.BookDAOTest" time="0.003"/>
  <testcase name="deleteBookTest" classname="com.mira.bookstore.BookDAOTest" time="0.101"/>
  <testcase name="connectTest" classname="com.mira.bookstore.BookDAOTest" time="0.004"/>
</testsuite>